Using pre-set license
Built from '2020.3/staging' branch; Version is '2020.3.6f1 (338bb68529b2) revision 3378102'; Using compiler version '192528614'; Build Type 'Release'
OS: 'Windows 10 Home; OS build 19042.1466; Version 2009; 64bit' Language: 'en' Physical Memory: 16201 MB
BatchMode: 1, IsHumanControllingUs: 0, StartBugReporterOnCrash: 0, Is64bit: 1, IsPro: 0

 COMMAND LINE ARGUMENTS:
C:\Program Files\Unity\Hub\Editor\2020.3.6f1\Editor\Unity.exe
-adb2
-batchMode
-noUpm
-name
AssetImportWorker0
-projectPath
C:/Users/saeid/OneDrive/Desktop/Test/GAME1007_M4_SaeidiNegin
-logFile
Logs/AssetImportWorker0.log
-srvPort
59600
Successfully changed project path to: C:/Users/saeid/OneDrive/Desktop/Test/GAME1007_M4_SaeidiNegin
C:/Users/saeid/OneDrive/Desktop/Test/GAME1007_M4_SaeidiNegin
Using Asset Import Pipeline V2.
Refreshing native plugins compatible for Editor in 20.77 ms, found 0 plugins.
Preloading 0 native plugins for Editor in 0.00 ms.
Initialize engine version: 2020.3.6f1 (338bb68529b2)
[Subsystems] Discovering subsystems at path C:/Program Files/Unity/Hub/Editor/2020.3.6f1/Editor/Data/Resources/UnitySubsystems
[Subsystems] Discovering subsystems at path C:/Users/saeid/OneDrive/Desktop/Test/GAME1007_M4_SaeidiNegin/Assets
GfxDevice: creating device client; threaded=0
Direct3D:
    Version:  Direct3D 11.0 [level 11.1]
    Renderer: NVIDIA GeForce RTX 2060 (ID=0x1f15)
    Vendor:   
    VRAM:     5980 MB
    Driver:   27.21.14.6192
Initialize mono
Mono path[0] = 'C:/Program Files/Unity/Hub/Editor/2020.3.6f1/Editor/Data/Managed'
Mono path[1] = 'C:/Program Files/Unity/Hub/Editor/2020.3.6f1/Editor/Data/MonoBleedingEdge/lib/mono/unityjit'
Mono config path = 'C:/Program Files/Unity/Hub/Editor/2020.3.6f1/Editor/Data/MonoBleedingEdge/etc'
Using monoOptions --debugger-agent=transport=dt_socket,embedding=1,server=y,suspend=n,address=127.0.0.1:56592
Begin MonoManager ReloadAssembly
Registering precompiled unity dll's ...
Register platform support module: C:/Program Files/Unity/Hub/Editor/2020.3.6f1/Editor/Data/PlaybackEngines/WebGLSupport/UnityEditor.WebGL.Extensions.dll
Register platform support module: C:/Program Files/Unity/Hub/Editor/2020.3.6f1/Editor/Data/PlaybackEngines/WindowsStandaloneSupport/UnityEditor.WindowsStandalone.Extensions.dll
Registered in 0.002066 seconds.
Native extension for WindowsStandalone target not found
Native extension for WebGL target not found
Refreshing native plugins compatible for Editor in 25.70 ms, found 0 plugins.
Preloading 0 native plugins for Editor in 0.00 ms.
Mono: successfully reloaded assembly
- Completed reload, in  1.190 seconds
Platform modules already initialized, skipping
Registering precompiled user dll's ...
Registered in 0.000714 seconds.
Begin MonoManager ReloadAssembly
Native extension for WindowsStandalone target not found
Native extension for WebGL target not found
Refreshing native plugins compatible for Editor in 0.19 ms, found 0 plugins.
Preloading 0 native plugins for Editor in 0.00 ms.
Mono: successfully reloaded assembly
- Completed reload, in  0.771 seconds
Platform modules already initialized, skipping
========================================================================
Worker process is ready to serve import requests
Launched and connected shader compiler UnityShaderCompiler.exe after 0.04 seconds
Refreshing native plugins compatible for Editor in 0.19 ms, found 0 plugins.
Preloading 0 native plugins for Editor in 0.00 ms.
Unloading 1122 Unused Serialized files (Serialized files now loaded: 0)
System memory in use before: 57.2 MB.
System memory in use after: 57.2 MB.

Unloading 9 unused Assets to reduce memory usage. Loaded Objects now: 1564.
Total: 1.677600 ms (FindLiveObjects: 0.174300 ms CreateObjectMapping: 0.060400 ms MarkObjects: 1.396900 ms  DeleteObjects: 0.045400 ms)

========================================================================
Received Import Request.
  path: Assets/Scenes
  artifactKey: Guid(7249aa864be9b754987ecde706ce2788) Importer(815301076,1909f56bfc062723c751e8b465ee728b)
Start importing Assets/Scenes using Guid(7249aa864be9b754987ecde706ce2788) Importer(815301076,1909f56bfc062723c751e8b465ee728b)  -> (artifact id: '1003b9c99ae89cea29dd06222b4b51fd') in 0.005751 seconds
  Import took 0.007434 seconds .

========================================================================
Received Import Request.
  Time since last request: 0.000205 seconds.
  path: Assets/Scenes/SampleScene.unity
  artifactKey: Guid(9fc0d4010bbf28b4594072e72b8655ab) Importer(815301076,1909f56bfc062723c751e8b465ee728b)
Start importing Assets/Scenes/SampleScene.unity using Guid(9fc0d4010bbf28b4594072e72b8655ab) Importer(815301076,1909f56bfc062723c751e8b465ee728b)  -> (artifact id: '956a57e5de6bcb964030b6043b14e6de') in 0.012172 seconds
  Import took 0.014056 seconds .

========================================================================
Received Prepare
Registering precompiled user dll's ...
Registered in 0.000763 seconds.
Begin MonoManager ReloadAssembly
Native extension for WindowsStandalone target not found
Native extension for WebGL target not found
Refreshing native plugins compatible for Editor in 0.20 ms, found 0 plugins.
Preloading 0 native plugins for Editor in 0.00 ms.
Mono: successfully reloaded assembly
- Completed reload, in  0.725 seconds
Platform modules already initialized, skipping
Refreshing native plugins compatible for Editor in 0.21 ms, found 0 plugins.
Preloading 0 native plugins for Editor in 0.00 ms.
Unloading 1116 Unused Serialized files (Serialized files now loaded: 0)
System memory in use before: 57.0 MB.
System memory in use after: 57.1 MB.

Unloading 4 unused Assets to reduce memory usage. Loaded Objects now: 1566.
Total: 2.327300 ms (FindLiveObjects: 0.314400 ms CreateObjectMapping: 0.091100 ms MarkObjects: 1.885600 ms  DeleteObjects: 0.034100 ms)

========================================================================
Received Import Request.
  Time since last request: 129.328318 seconds.
  path: Assets/Prefabs/Tile.prefab
  artifactKey: Guid(bb1de5e6dffdb4240968c816e8cfaf5d) Importer(815301076,1909f56bfc062723c751e8b465ee728b)
Start importing Assets/Prefabs/Tile.prefab using Guid(bb1de5e6dffdb4240968c816e8cfaf5d) Importer(815301076,1909f56bfc062723c751e8b465ee728b)  -> (artifact id: '2d1b5e49e3806d0fe153023148fe9659') in 0.048404 seconds
  Import took 0.050635 seconds .

========================================================================
Received Prepare
Registering precompiled user dll's ...
Registered in 0.001762 seconds.
Begin MonoManager ReloadAssembly
Native extension for WindowsStandalone target not found
Native extension for WebGL target not found
Refreshing native plugins compatible for Editor in 0.21 ms, found 0 plugins.
Preloading 0 native plugins for Editor in 0.00 ms.
Mono: successfully reloaded assembly
- Completed reload, in  0.753 seconds
Platform modules already initialized, skipping
Refreshing native plugins compatible for Editor in 0.21 ms, found 0 plugins.
Preloading 0 native plugins for Editor in 0.00 ms.
Unloading 1116 Unused Serialized files (Serialized files now loaded: 0)
System memory in use before: 57.0 MB.
System memory in use after: 57.1 MB.

Unloading 4 unused Assets to reduce memory usage. Loaded Objects now: 1568.
Total: 1.247800 ms (FindLiveObjects: 0.128000 ms CreateObjectMapping: 0.033200 ms MarkObjects: 1.076100 ms  DeleteObjects: 0.009600 ms)

========================================================================
Received Import Request.
  Time since last request: 36.812247 seconds.
  path: Assets/Prefabs/Tile.prefab
  artifactKey: Guid(bb1de5e6dffdb4240968c816e8cfaf5d) Importer(815301076,1909f56bfc062723c751e8b465ee728b)
Start importing Assets/Prefabs/Tile.prefab using Guid(bb1de5e6dffdb4240968c816e8cfaf5d) Importer(815301076,1909f56bfc062723c751e8b465ee728b)  -> (artifact id: '031cb401f1d8924745729c1f147cfa73') in 0.031887 seconds
  Import took 0.033741 seconds .

========================================================================
Received Prepare
Registering precompiled user dll's ...
Registered in 0.000613 seconds.
Begin MonoManager ReloadAssembly
Native extension for WindowsStandalone target not found
Native extension for WebGL target not found
Refreshing native plugins compatible for Editor in 0.22 ms, found 0 plugins.
Preloading 0 native plugins for Editor in 0.00 ms.
Mono: successfully reloaded assembly
- Completed reload, in  0.822 seconds
Platform modules already initialized, skipping
Refreshing native plugins compatible for Editor in 0.23 ms, found 0 plugins.
Preloading 0 native plugins for Editor in 0.00 ms.
Unloading 1116 Unused Serialized files (Serialized files now loaded: 0)
System memory in use before: 57.1 MB.
System memory in use after: 57.2 MB.

Unloading 4 unused Assets to reduce memory usage. Loaded Objects now: 1570.
Total: 1.461600 ms (FindLiveObjects: 0.187900 ms CreateObjectMapping: 0.051400 ms MarkObjects: 1.209000 ms  DeleteObjects: 0.012000 ms)

========================================================================
Received Import Request.
  Time since last request: 6.673939 seconds.
  path: Assets/Prefabs/Tile.prefab
  artifactKey: Guid(bb1de5e6dffdb4240968c816e8cfaf5d) Importer(815301076,1909f56bfc062723c751e8b465ee728b)
Start importing Assets/Prefabs/Tile.prefab using Guid(bb1de5e6dffdb4240968c816e8cfaf5d) Importer(815301076,1909f56bfc062723c751e8b465ee728b)  -> (artifact id: 'c45beafe903b6425d51164d0b95f2fac') in 0.034544 seconds
  Import took 0.036453 seconds .

========================================================================
Received Import Request.
  Time since last request: 68.110206 seconds.
  path: Assets/Script/GameBoard.cs
  artifactKey: Guid(94fed77bbd1503745983f6e2a83ff473) Importer(815301076,1909f56bfc062723c751e8b465ee728b)
Start importing Assets/Script/GameBoard.cs using Guid(94fed77bbd1503745983f6e2a83ff473) Importer(815301076,1909f56bfc062723c751e8b465ee728b)  -> (artifact id: '1789c75de88598d7cf5488b7f2bce449') in 0.007287 seconds
  Import took 0.008871 seconds .

========================================================================
Received Import Request.
  Time since last request: 0.002434 seconds.
  path: Assets/Script/GameBoard.cs
  artifactKey: Guid(94fed77bbd1503745983f6e2a83ff473) Importer(815301076,1909f56bfc062723c751e8b465ee728b)
Start importing Assets/Script/GameBoard.cs using Guid(94fed77bbd1503745983f6e2a83ff473) Importer(815301076,1909f56bfc062723c751e8b465ee728b)  -> (artifact id: '1789c75de88598d7cf5488b7f2bce449') in 0.004001 seconds
  Import took 0.006098 seconds .

========================================================================
Received Import Request.
  Time since last request: 42.144509 seconds.
  path: Assets/Script/GameBoard.cs
  artifactKey: Guid(94fed77bbd1503745983f6e2a83ff473) Importer(815301076,1909f56bfc062723c751e8b465ee728b)
Start importing Assets/Script/GameBoard.cs using Guid(94fed77bbd1503745983f6e2a83ff473) Importer(815301076,1909f56bfc062723c751e8b465ee728b)  -> (artifact id: 'f6ac1817dc08793e4429ebab1462835a') in 0.004697 seconds
  Import took 0.007022 seconds .

========================================================================
Received Prepare
Registering precompiled user dll's ...
Registered in 0.000626 seconds.
Begin MonoManager ReloadAssembly
Native extension for WindowsStandalone target not found
Native extension for WebGL target not found
Refreshing native plugins compatible for Editor in 0.18 ms, found 0 plugins.
Preloading 0 native plugins for Editor in 0.00 ms.
Mono: successfully reloaded assembly
- Completed reload, in  0.706 seconds
Platform modules already initialized, skipping
Refreshing native plugins compatible for Editor in 0.18 ms, found 0 plugins.
Preloading 0 native plugins for Editor in 0.00 ms.
Unloading 1116 Unused Serialized files (Serialized files now loaded: 0)
System memory in use before: 57.1 MB.
System memory in use after: 57.2 MB.

Unloading 4 unused Assets to reduce memory usage. Loaded Objects now: 1572.
Total: 1.353100 ms (FindLiveObjects: 0.116200 ms CreateObjectMapping: 0.036600 ms MarkObjects: 1.188400 ms  DeleteObjects: 0.011100 ms)

========================================================================
Received Prepare
Registering precompiled user dll's ...
Registered in 0.000585 seconds.
Begin MonoManager ReloadAssembly
Native extension for WindowsStandalone target not found
Native extension for WebGL target not found
Refreshing native plugins compatible for Editor in 0.18 ms, found 0 plugins.
Preloading 0 native plugins for Editor in 0.00 ms.
Mono: successfully reloaded assembly
- Completed reload, in  0.707 seconds
Platform modules already initialized, skipping
Refreshing native plugins compatible for Editor in 0.28 ms, found 0 plugins.
Preloading 0 native plugins for Editor in 0.00 ms.
Unloading 1116 Unused Serialized files (Serialized files now loaded: 0)
System memory in use before: 57.1 MB.
System memory in use after: 57.2 MB.

Unloading 4 unused Assets to reduce memory usage. Loaded Objects now: 1574.
Total: 1.978900 ms (FindLiveObjects: 0.234200 ms CreateObjectMapping: 0.057000 ms MarkObjects: 1.668200 ms  DeleteObjects: 0.017900 ms)

========================================================================
Received Import Request.
  Time since last request: 100.015111 seconds.
  path: Assets/Script/GameBoard.cs
  artifactKey: Guid(94fed77bbd1503745983f6e2a83ff473) Importer(815301076,1909f56bfc062723c751e8b465ee728b)
Start importing Assets/Script/GameBoard.cs using Guid(94fed77bbd1503745983f6e2a83ff473) Importer(815301076,1909f56bfc062723c751e8b465ee728b)  -> (artifact id: '00000000000000000000000000000000') in 0.003669 seconds
  ERROR: Build asset version error: assets/script/gameboard.cs in SourceAssetDB has modification time of '2022-01-31T01:03:13.8792178Z' while content on disk has modification time of '2022-01-31T01:03:14.0637237Z'
  Import took 0.006915 seconds .

========================================================================
Received Prepare
Registering precompiled user dll's ...
Registered in 0.000495 seconds.
Begin MonoManager ReloadAssembly
Native extension for WindowsStandalone target not found
Native extension for WebGL target not found
Refreshing native plugins compatible for Editor in 0.18 ms, found 0 plugins.
Preloading 0 native plugins for Editor in 0.00 ms.
Mono: successfully reloaded assembly
- Completed reload, in  0.673 seconds
Platform modules already initialized, skipping
Refreshing native plugins compatible for Editor in 0.17 ms, found 0 plugins.
Preloading 0 native plugins for Editor in 0.00 ms.
Unloading 1116 Unused Serialized files (Serialized files now loaded: 0)
System memory in use before: 57.1 MB.
System memory in use after: 57.2 MB.

Unloading 4 unused Assets to reduce memory usage. Loaded Objects now: 1576.
Total: 1.392000 ms (FindLiveObjects: 0.096500 ms CreateObjectMapping: 0.026100 ms MarkObjects: 1.243700 ms  DeleteObjects: 0.025000 ms)

========================================================================
Received Import Request.
  Time since last request: 2.505576 seconds.
  path: Assets/Script/GameBoard.cs
  artifactKey: Guid(94fed77bbd1503745983f6e2a83ff473) Importer(815301076,1909f56bfc062723c751e8b465ee728b)
Start importing Assets/Script/GameBoard.cs using Guid(94fed77bbd1503745983f6e2a83ff473) Importer(815301076,1909f56bfc062723c751e8b465ee728b)  -> (artifact id: '00000000000000000000000000000000') in 0.001207 seconds
  ERROR: Build asset version error: assets/script/gameboard.cs in SourceAssetDB has modification time of '2022-01-31T01:03:13.8792178Z' while content on disk has modification time of '2022-01-31T01:03:14.0637237Z'
  Import took 0.002463 seconds .

========================================================================
Received Import Request.
  Time since last request: 0.016326 seconds.
  path: Assets/Script/GameBoard.cs
  artifactKey: Guid(94fed77bbd1503745983f6e2a83ff473) Importer(815301076,1909f56bfc062723c751e8b465ee728b)
Start importing Assets/Script/GameBoard.cs using Guid(94fed77bbd1503745983f6e2a83ff473) Importer(815301076,1909f56bfc062723c751e8b465ee728b)  -> (artifact id: '00000000000000000000000000000000') in 0.000295 seconds
  ERROR: Build asset version error: assets/script/gameboard.cs in SourceAssetDB has modification time of '2022-01-31T01:03:13.8792178Z' while content on disk has modification time of '2022-01-31T01:03:14.0637237Z'
  Import took 0.001812 seconds .

========================================================================
Received Import Request.
  Time since last request: 0.025195 seconds.
  path: Assets/Script/GameBoard.cs
  artifactKey: Guid(94fed77bbd1503745983f6e2a83ff473) Importer(815301076,1909f56bfc062723c751e8b465ee728b)
Start importing Assets/Script/GameBoard.cs using Guid(94fed77bbd1503745983f6e2a83ff473) Importer(815301076,1909f56bfc062723c751e8b465ee728b)  -> (artifact id: '00000000000000000000000000000000') in 0.000256 seconds
  ERROR: Build asset version error: assets/script/gameboard.cs in SourceAssetDB has modification time of '2022-01-31T01:03:13.8792178Z' while content on disk has modification time of '2022-01-31T01:03:14.0637237Z'
  Import took 0.001662 seconds .

========================================================================
Received Import Request.
  Time since last request: 0.023167 seconds.
  path: Assets/Script/GameBoard.cs
  artifactKey: Guid(94fed77bbd1503745983f6e2a83ff473) Importer(815301076,1909f56bfc062723c751e8b465ee728b)
Start importing Assets/Script/GameBoard.cs using Guid(94fed77bbd1503745983f6e2a83ff473) Importer(815301076,1909f56bfc062723c751e8b465ee728b)  -> (artifact id: '00000000000000000000000000000000') in 0.000286 seconds
  ERROR: Build asset version error: assets/script/gameboard.cs in SourceAssetDB has modification time of '2022-01-31T01:03:13.8792178Z' while content on disk has modification time of '2022-01-31T01:03:14.0637237Z'
  Import took 0.001701 seconds .

========================================================================
Received Import Request.
  Time since last request: 0.020737 seconds.
  path: Assets/Script/GameBoard.cs
  artifactKey: Guid(94fed77bbd1503745983f6e2a83ff473) Importer(815301076,1909f56bfc062723c751e8b465ee728b)
Start importing Assets/Script/GameBoard.cs using Guid(94fed77bbd1503745983f6e2a83ff473) Importer(815301076,1909f56bfc062723c751e8b465ee728b)  -> (artifact id: '00000000000000000000000000000000') in 0.000254 seconds
  ERROR: Build asset version error: assets/script/gameboard.cs in SourceAssetDB has modification time of '2022-01-31T01:03:13.8792178Z' while content on disk has modification time of '2022-01-31T01:03:14.0637237Z'
  Import took 0.001681 seconds .

========================================================================
Received Import Request.
  Time since last request: 0.021668 seconds.
  path: Assets/Script/GameBoard.cs
  artifactKey: Guid(94fed77bbd1503745983f6e2a83ff473) Importer(815301076,1909f56bfc062723c751e8b465ee728b)
Start importing Assets/Script/GameBoard.cs using Guid(94fed77bbd1503745983f6e2a83ff473) Importer(815301076,1909f56bfc062723c751e8b465ee728b)  -> (artifact id: '00000000000000000000000000000000') in 0.000226 seconds
  ERROR: Build asset version error: assets/script/gameboard.cs in SourceAssetDB has modification time of '2022-01-31T01:03:13.8792178Z' while content on disk has modification time of '2022-01-31T01:03:14.0637237Z'
  Import took 0.001568 seconds .

========================================================================
Received Import Request.
  Time since last request: 0.020216 seconds.
  path: Assets/Script/GameBoard.cs
  artifactKey: Guid(94fed77bbd1503745983f6e2a83ff473) Importer(815301076,1909f56bfc062723c751e8b465ee728b)
Start importing Assets/Script/GameBoard.cs using Guid(94fed77bbd1503745983f6e2a83ff473) Importer(815301076,1909f56bfc062723c751e8b465ee728b)  -> (artifact id: '00000000000000000000000000000000') in 0.000248 seconds
  ERROR: Build asset version error: assets/script/gameboard.cs in SourceAssetDB has modification time of '2022-01-31T01:03:13.8792178Z' while content on disk has modification time of '2022-01-31T01:03:14.0637237Z'
  Import took 0.001661 seconds .

========================================================================
Received Import Request.
  Time since last request: 0.022051 seconds.
  path: Assets/Script/GameBoard.cs
  artifactKey: Guid(94fed77bbd1503745983f6e2a83ff473) Importer(815301076,1909f56bfc062723c751e8b465ee728b)
Start importing Assets/Script/GameBoard.cs using Guid(94fed77bbd1503745983f6e2a83ff473) Importer(815301076,1909f56bfc062723c751e8b465ee728b)  -> (artifact id: '00000000000000000000000000000000') in 0.000237 seconds
  ERROR: Build asset version error: assets/script/gameboard.cs in SourceAssetDB has modification time of '2022-01-31T01:03:13.8792178Z' while content on disk has modification time of '2022-01-31T01:03:14.0637237Z'
  Import took 0.001554 seconds .

========================================================================
Received Import Request.
  Time since last request: 0.020331 seconds.
  path: Assets/Script/GameBoard.cs
  artifactKey: Guid(94fed77bbd1503745983f6e2a83ff473) Importer(815301076,1909f56bfc062723c751e8b465ee728b)
Start importing Assets/Script/GameBoard.cs using Guid(94fed77bbd1503745983f6e2a83ff473) Importer(815301076,1909f56bfc062723c751e8b465ee728b)  -> (artifact id: '00000000000000000000000000000000') in 0.000275 seconds
  ERROR: Build asset version error: assets/script/gameboard.cs in SourceAssetDB has modification time of '2022-01-31T01:03:13.8792178Z' while content on disk has modification time of '2022-01-31T01:03:14.0637237Z'
  Import took 0.001642 seconds .

========================================================================
Received Import Request.
  Time since last request: 0.019022 seconds.
  path: Assets/Script/GameBoard.cs
  artifactKey: Guid(94fed77bbd1503745983f6e2a83ff473) Importer(815301076,1909f56bfc062723c751e8b465ee728b)
Start importing Assets/Script/GameBoard.cs using Guid(94fed77bbd1503745983f6e2a83ff473) Importer(815301076,1909f56bfc062723c751e8b465ee728b)  -> (artifact id: '00000000000000000000000000000000') in 0.000272 seconds
  ERROR: Build asset version error: assets/script/gameboard.cs in SourceAssetDB has modification time of '2022-01-31T01:03:13.8792178Z' while content on disk has modification time of '2022-01-31T01:03:14.0637237Z'
  Import took 0.001594 seconds .

========================================================================
Received Import Request.
  Time since last request: 0.020610 seconds.
  path: Assets/Script/GameBoard.cs
  artifactKey: Guid(94fed77bbd1503745983f6e2a83ff473) Importer(815301076,1909f56bfc062723c751e8b465ee728b)
Start importing Assets/Script/GameBoard.cs using Guid(94fed77bbd1503745983f6e2a83ff473) Importer(815301076,1909f56bfc062723c751e8b465ee728b)  -> (artifact id: '00000000000000000000000000000000') in 0.000287 seconds
  ERROR: Build asset version error: assets/script/gameboard.cs in SourceAssetDB has modification time of '2022-01-31T01:03:13.8792178Z' while content on disk has modification time of '2022-01-31T01:03:14.0637237Z'
  Import took 0.001611 seconds .

========================================================================
Received Import Request.
  Time since last request: 0.019632 seconds.
  path: Assets/Script/GameBoard.cs
  artifactKey: Guid(94fed77bbd1503745983f6e2a83ff473) Importer(815301076,1909f56bfc062723c751e8b465ee728b)
Start importing Assets/Script/GameBoard.cs using Guid(94fed77bbd1503745983f6e2a83ff473) Importer(815301076,1909f56bfc062723c751e8b465ee728b)  -> (artifact id: '00000000000000000000000000000000') in 0.000255 seconds
  ERROR: Build asset version error: assets/script/gameboard.cs in SourceAssetDB has modification time of '2022-01-31T01:03:13.8792178Z' while content on disk has modification time of '2022-01-31T01:03:14.0637237Z'
  Import took 0.001763 seconds .

========================================================================
Received Import Request.
  Time since last request: 0.020329 seconds.
  path: Assets/Script/GameBoard.cs
  artifactKey: Guid(94fed77bbd1503745983f6e2a83ff473) Importer(815301076,1909f56bfc062723c751e8b465ee728b)
Start importing Assets/Script/GameBoard.cs using Guid(94fed77bbd1503745983f6e2a83ff473) Importer(815301076,1909f56bfc062723c751e8b465ee728b)  -> (artifact id: '00000000000000000000000000000000') in 0.000273 seconds
  ERROR: Build asset version error: assets/script/gameboard.cs in SourceAssetDB has modification time of '2022-01-31T01:03:13.8792178Z' while content on disk has modification time of '2022-01-31T01:03:14.0637237Z'
  Import took 0.001592 seconds .

========================================================================
Received Import Request.
  Time since last request: 0.023159 seconds.
  path: Assets/Script/GameBoard.cs
  artifactKey: Guid(94fed77bbd1503745983f6e2a83ff473) Importer(815301076,1909f56bfc062723c751e8b465ee728b)
Start importing Assets/Script/GameBoard.cs using Guid(94fed77bbd1503745983f6e2a83ff473) Importer(815301076,1909f56bfc062723c751e8b465ee728b)  -> (artifact id: '00000000000000000000000000000000') in 0.000281 seconds
  ERROR: Build asset version error: assets/script/gameboard.cs in SourceAssetDB has modification time of '2022-01-31T01:03:13.8792178Z' while content on disk has modification time of '2022-01-31T01:03:14.0637237Z'
  Import took 0.001637 seconds .

========================================================================
Received Import Request.
  Time since last request: 0.020616 seconds.
  path: Assets/Script/GameBoard.cs
  artifactKey: Guid(94fed77bbd1503745983f6e2a83ff473) Importer(815301076,1909f56bfc062723c751e8b465ee728b)
Start importing Assets/Script/GameBoard.cs using Guid(94fed77bbd1503745983f6e2a83ff473) Importer(815301076,1909f56bfc062723c751e8b465ee728b)  -> (artifact id: '00000000000000000000000000000000') in 0.000266 seconds
  ERROR: Build asset version error: assets/script/gameboard.cs in SourceAssetDB has modification time of '2022-01-31T01:03:13.8792178Z' while content on disk has modification time of '2022-01-31T01:03:14.0637237Z'
  Import took 0.001759 seconds .

========================================================================
Received Import Request.
  Time since last request: 0.023571 seconds.
  path: Assets/Script/GameBoard.cs
  artifactKey: Guid(94fed77bbd1503745983f6e2a83ff473) Importer(815301076,1909f56bfc062723c751e8b465ee728b)
Start importing Assets/Script/GameBoard.cs using Guid(94fed77bbd1503745983f6e2a83ff473) Importer(815301076,1909f56bfc062723c751e8b465ee728b)  -> (artifact id: '00000000000000000000000000000000') in 0.000300 seconds
  ERROR: Build asset version error: assets/script/gameboard.cs in SourceAssetDB has modification time of '2022-01-31T01:03:13.8792178Z' while content on disk has modification time of '2022-01-31T01:03:14.0637237Z'
  Import took 0.002201 seconds .

========================================================================
Received Import Request.
  Time since last request: 0.031344 seconds.
  path: Assets/Script/GameBoard.cs
  artifactKey: Guid(94fed77bbd1503745983f6e2a83ff473) Importer(815301076,1909f56bfc062723c751e8b465ee728b)
Start importing Assets/Script/GameBoard.cs using Guid(94fed77bbd1503745983f6e2a83ff473) Importer(815301076,1909f56bfc062723c751e8b465ee728b)  -> (artifact id: '00000000000000000000000000000000') in 0.000337 seconds
  ERROR: Build asset version error: assets/script/gameboard.cs in SourceAssetDB has modification time of '2022-01-31T01:03:13.8792178Z' while content on disk has modification time of '2022-01-31T01:03:14.0637237Z'
  Import took 0.002469 seconds .

========================================================================
Received Import Request.
  Time since last request: 0.030412 seconds.
  path: Assets/Script/GameBoard.cs
  artifactKey: Guid(94fed77bbd1503745983f6e2a83ff473) Importer(815301076,1909f56bfc062723c751e8b465ee728b)
Start importing Assets/Script/GameBoard.cs using Guid(94fed77bbd1503745983f6e2a83ff473) Importer(815301076,1909f56bfc062723c751e8b465ee728b)  -> (artifact id: '00000000000000000000000000000000') in 0.000291 seconds
  ERROR: Build asset version error: assets/script/gameboard.cs in SourceAssetDB has modification time of '2022-01-31T01:03:13.8792178Z' while content on disk has modification time of '2022-01-31T01:03:14.0637237Z'
  Import took 0.002393 seconds .

========================================================================
Received Import Request.
  Time since last request: 0.026712 seconds.
  path: Assets/Script/GameBoard.cs
  artifactKey: Guid(94fed77bbd1503745983f6e2a83ff473) Importer(815301076,1909f56bfc062723c751e8b465ee728b)
Start importing Assets/Script/GameBoard.cs using Guid(94fed77bbd1503745983f6e2a83ff473) Importer(815301076,1909f56bfc062723c751e8b465ee728b)  -> (artifact id: '00000000000000000000000000000000') in 0.000245 seconds
  ERROR: Build asset version error: assets/script/gameboard.cs in SourceAssetDB has modification time of '2022-01-31T01:03:13.8792178Z' while content on disk has modification time of '2022-01-31T01:03:14.0637237Z'
  Import took 0.001765 seconds .

========================================================================
Received Import Request.
  Time since last request: 0.019080 seconds.
  path: Assets/Script/GameBoard.cs
  artifactKey: Guid(94fed77bbd1503745983f6e2a83ff473) Importer(815301076,1909f56bfc062723c751e8b465ee728b)
Start importing Assets/Script/GameBoard.cs using Guid(94fed77bbd1503745983f6e2a83ff473) Importer(815301076,1909f56bfc062723c751e8b465ee728b)  -> (artifact id: '00000000000000000000000000000000') in 0.000262 seconds
  ERROR: Build asset version error: assets/script/gameboard.cs in SourceAssetDB has modification time of '2022-01-31T01:03:13.8792178Z' while content on disk has modification time of '2022-01-31T01:03:14.0637237Z'
  Import took 0.001583 seconds .

========================================================================
Received Import Request.
  Time since last request: 0.019031 seconds.
  path: Assets/Script/GameBoard.cs
  artifactKey: Guid(94fed77bbd1503745983f6e2a83ff473) Importer(815301076,1909f56bfc062723c751e8b465ee728b)
Start importing Assets/Script/GameBoard.cs using Guid(94fed77bbd1503745983f6e2a83ff473) Importer(815301076,1909f56bfc062723c751e8b465ee728b)  -> (artifact id: '00000000000000000000000000000000') in 0.000252 seconds
  ERROR: Build asset version error: assets/script/gameboard.cs in SourceAssetDB has modification time of '2022-01-31T01:03:13.8792178Z' while content on disk has modification time of '2022-01-31T01:03:14.0637237Z'
  Import took 0.001587 seconds .

========================================================================
Received Import Request.
  Time since last request: 0.021343 seconds.
  path: Assets/Script/GameBoard.cs
  artifactKey: Guid(94fed77bbd1503745983f6e2a83ff473) Importer(815301076,1909f56bfc062723c751e8b465ee728b)
Start importing Assets/Script/GameBoard.cs using Guid(94fed77bbd1503745983f6e2a83ff473) Importer(815301076,1909f56bfc062723c751e8b465ee728b)  -> (artifact id: '00000000000000000000000000000000') in 0.000241 seconds
  ERROR: Build asset version error: assets/script/gameboard.cs in SourceAssetDB has modification time of '2022-01-31T01:03:13.8792178Z' while content on disk has modification time of '2022-01-31T01:03:14.0637237Z'
  Import took 0.001514 seconds .

========================================================================
Received Import Request.
  Time since last request: 0.020994 seconds.
  path: Assets/Script/GameBoard.cs
  artifactKey: Guid(94fed77bbd1503745983f6e2a83ff473) Importer(815301076,1909f56bfc062723c751e8b465ee728b)
Start importing Assets/Script/GameBoard.cs using Guid(94fed77bbd1503745983f6e2a83ff473) Importer(815301076,1909f56bfc062723c751e8b465ee728b)  -> (artifact id: '00000000000000000000000000000000') in 0.000277 seconds
  ERROR: Build asset version error: assets/script/gameboard.cs in SourceAssetDB has modification time of '2022-01-31T01:03:13.8792178Z' while content on disk has modification time of '2022-01-31T01:03:14.0637237Z'
  Import took 0.001630 seconds .

========================================================================
Received Import Request.
  Time since last request: 0.020335 seconds.
  path: Assets/Script/GameBoard.cs
  artifactKey: Guid(94fed77bbd1503745983f6e2a83ff473) Importer(815301076,1909f56bfc062723c751e8b465ee728b)
Start importing Assets/Script/GameBoard.cs using Guid(94fed77bbd1503745983f6e2a83ff473) Importer(815301076,1909f56bfc062723c751e8b465ee728b)  -> (artifact id: '00000000000000000000000000000000') in 0.000215 seconds
  ERROR: Build asset version error: assets/script/gameboard.cs in SourceAssetDB has modification time of '2022-01-31T01:03:13.8792178Z' while content on disk has modification time of '2022-01-31T01:03:14.0637237Z'
  Import took 0.001482 seconds .

========================================================================
Received Import Request.
  Time since last request: 0.022752 seconds.
  path: Assets/Script/GameBoard.cs
  artifactKey: Guid(94fed77bbd1503745983f6e2a83ff473) Importer(815301076,1909f56bfc062723c751e8b465ee728b)
Start importing Assets/Script/GameBoard.cs using Guid(94fed77bbd1503745983f6e2a83ff473) Importer(815301076,1909f56bfc062723c751e8b465ee728b)  -> (artifact id: '00000000000000000000000000000000') in 0.000249 seconds
  ERROR: Build asset version error: assets/script/gameboard.cs in SourceAssetDB has modification time of '2022-01-31T01:03:13.8792178Z' while content on disk has modification time of '2022-01-31T01:03:14.0637237Z'
  Import took 0.001532 seconds .

========================================================================
Received Import Request.
  Time since last request: 0.020488 seconds.
  path: Assets/Script/GameBoard.cs
  artifactKey: Guid(94fed77bbd1503745983f6e2a83ff473) Importer(815301076,1909f56bfc062723c751e8b465ee728b)
Start importing Assets/Script/GameBoard.cs using Guid(94fed77bbd1503745983f6e2a83ff473) Importer(815301076,1909f56bfc062723c751e8b465ee728b)  -> (artifact id: '00000000000000000000000000000000') in 0.000246 seconds
  ERROR: Build asset version error: assets/script/gameboard.cs in SourceAssetDB has modification time of '2022-01-31T01:03:13.8792178Z' while content on disk has modification time of '2022-01-31T01:03:14.0637237Z'
  Import took 0.001558 seconds .

========================================================================
Received Import Request.
  Time since last request: 0.020924 seconds.
  path: Assets/Script/GameBoard.cs
  artifactKey: Guid(94fed77bbd1503745983f6e2a83ff473) Importer(815301076,1909f56bfc062723c751e8b465ee728b)
Start importing Assets/Script/GameBoard.cs using Guid(94fed77bbd1503745983f6e2a83ff473) Importer(815301076,1909f56bfc062723c751e8b465ee728b)  -> (artifact id: '00000000000000000000000000000000') in 0.000262 seconds
  ERROR: Build asset version error: assets/script/gameboard.cs in SourceAssetDB has modification time of '2022-01-31T01:03:13.8792178Z' while content on disk has modification time of '2022-01-31T01:03:14.0637237Z'
  Import took 0.001792 seconds .

========================================================================
Received Import Request.
  Time since last request: 0.022763 seconds.
  path: Assets/Script/GameBoard.cs
  artifactKey: Guid(94fed77bbd1503745983f6e2a83ff473) Importer(815301076,1909f56bfc062723c751e8b465ee728b)
Start importing Assets/Script/GameBoard.cs using Guid(94fed77bbd1503745983f6e2a83ff473) Importer(815301076,1909f56bfc062723c751e8b465ee728b)  -> (artifact id: '00000000000000000000000000000000') in 0.000249 seconds
  ERROR: Build asset version error: assets/script/gameboard.cs in SourceAssetDB has modification time of '2022-01-31T01:03:13.8792178Z' while content on disk has modification time of '2022-01-31T01:03:14.0637237Z'
  Import took 0.001597 seconds .

========================================================================
Received Import Request.
  Time since last request: 0.020021 seconds.
  path: Assets/Script/GameBoard.cs
  artifactKey: Guid(94fed77bbd1503745983f6e2a83ff473) Importer(815301076,1909f56bfc062723c751e8b465ee728b)
Start importing Assets/Script/GameBoard.cs using Guid(94fed77bbd1503745983f6e2a83ff473) Importer(815301076,1909f56bfc062723c751e8b465ee728b)  -> (artifact id: '00000000000000000000000000000000') in 0.000334 seconds
  ERROR: Build asset version error: assets/script/gameboard.cs in SourceAssetDB has modification time of '2022-01-31T01:03:13.8792178Z' while content on disk has modification time of '2022-01-31T01:03:14.0637237Z'
  Import took 0.001733 seconds .

========================================================================
Received Import Request.
  Time since last request: 0.020293 seconds.
  path: Assets/Script/GameBoard.cs
  artifactKey: Guid(94fed77bbd1503745983f6e2a83ff473) Importer(815301076,1909f56bfc062723c751e8b465ee728b)
Start importing Assets/Script/GameBoard.cs using Guid(94fed77bbd1503745983f6e2a83ff473) Importer(815301076,1909f56bfc062723c751e8b465ee728b)  -> (artifact id: '00000000000000000000000000000000') in 0.000286 seconds
  ERROR: Build asset version error: assets/script/gameboard.cs in SourceAssetDB has modification time of '2022-01-31T01:03:13.8792178Z' while content on disk has modification time of '2022-01-31T01:03:14.0637237Z'
  Import took 0.001650 seconds .

========================================================================
Received Import Request.
  Time since last request: 0.021939 seconds.
  path: Assets/Script/GameBoard.cs
  artifactKey: Guid(94fed77bbd1503745983f6e2a83ff473) Importer(815301076,1909f56bfc062723c751e8b465ee728b)
Start importing Assets/Script/GameBoard.cs using Guid(94fed77bbd1503745983f6e2a83ff473) Importer(815301076,1909f56bfc062723c751e8b465ee728b)  -> (artifact id: '00000000000000000000000000000000') in 0.000277 seconds
  ERROR: Build asset version error: assets/script/gameboard.cs in SourceAssetDB has modification time of '2022-01-31T01:03:13.8792178Z' while content on disk has modification time of '2022-01-31T01:03:14.0637237Z'
  Import took 0.001706 seconds .

========================================================================
Received Import Request.
  Time since last request: 0.019886 seconds.
  path: Assets/Script/GameBoard.cs
  artifactKey: Guid(94fed77bbd1503745983f6e2a83ff473) Importer(815301076,1909f56bfc062723c751e8b465ee728b)
Start importing Assets/Script/GameBoard.cs using Guid(94fed77bbd1503745983f6e2a83ff473) Importer(815301076,1909f56bfc062723c751e8b465ee728b)  -> (artifact id: '00000000000000000000000000000000') in 0.000255 seconds
  ERROR: Build asset version error: assets/script/gameboard.cs in SourceAssetDB has modification time of '2022-01-31T01:03:13.8792178Z' while content on disk has modification time of '2022-01-31T01:03:14.0637237Z'
  Import took 0.001651 seconds .

========================================================================
Received Import Request.
  Time since last request: 0.019291 seconds.
  path: Assets/Script/GameBoard.cs
  artifactKey: Guid(94fed77bbd1503745983f6e2a83ff473) Importer(815301076,1909f56bfc062723c751e8b465ee728b)
Start importing Assets/Script/GameBoard.cs using Guid(94fed77bbd1503745983f6e2a83ff473) Importer(815301076,1909f56bfc062723c751e8b465ee728b)  -> (artifact id: '00000000000000000000000000000000') in 0.000259 seconds
  ERROR: Build asset version error: assets/script/gameboard.cs in SourceAssetDB has modification time of '2022-01-31T01:03:13.8792178Z' while content on disk has modification time of '2022-01-31T01:03:14.0637237Z'
  Import took 0.001543 seconds .

========================================================================
Received Import Request.
  Time since last request: 0.021232 seconds.
  path: Assets/Script/GameBoard.cs
  artifactKey: Guid(94fed77bbd1503745983f6e2a83ff473) Importer(815301076,1909f56bfc062723c751e8b465ee728b)
Start importing Assets/Script/GameBoard.cs using Guid(94fed77bbd1503745983f6e2a83ff473) Importer(815301076,1909f56bfc062723c751e8b465ee728b)  -> (artifact id: '00000000000000000000000000000000') in 0.000237 seconds
  ERROR: Build asset version error: assets/script/gameboard.cs in SourceAssetDB has modification time of '2022-01-31T01:03:13.8792178Z' while content on disk has modification time of '2022-01-31T01:03:14.0637237Z'
  Import took 0.001612 seconds .

========================================================================
Received Import Request.
  Time since last request: 0.018924 seconds.
  path: Assets/Script/GameBoard.cs
  artifactKey: Guid(94fed77bbd1503745983f6e2a83ff473) Importer(815301076,1909f56bfc062723c751e8b465ee728b)
Start importing Assets/Script/GameBoard.cs using Guid(94fed77bbd1503745983f6e2a83ff473) Importer(815301076,1909f56bfc062723c751e8b465ee728b)  -> (artifact id: '00000000000000000000000000000000') in 0.000258 seconds
  ERROR: Build asset version error: assets/script/gameboard.cs in SourceAssetDB has modification time of '2022-01-31T01:03:13.8792178Z' while content on disk has modification time of '2022-01-31T01:03:14.0637237Z'
  Import took 0.001601 seconds .

========================================================================
Received Import Request.
  Time since last request: 0.019441 seconds.
  path: Assets/Script/GameBoard.cs
  artifactKey: Guid(94fed77bbd1503745983f6e2a83ff473) Importer(815301076,1909f56bfc062723c751e8b465ee728b)
Start importing Assets/Script/GameBoard.cs using Guid(94fed77bbd1503745983f6e2a83ff473) Importer(815301076,1909f56bfc062723c751e8b465ee728b)  -> (artifact id: '00000000000000000000000000000000') in 0.000275 seconds
  ERROR: Build asset version error: assets/script/gameboard.cs in SourceAssetDB has modification time of '2022-01-31T01:03:13.8792178Z' while content on disk has modification time of '2022-01-31T01:03:14.0637237Z'
  Import took 0.001889 seconds .

========================================================================
Received Import Request.
  Time since last request: 0.021674 seconds.
  path: Assets/Script/GameBoard.cs
  artifactKey: Guid(94fed77bbd1503745983f6e2a83ff473) Importer(815301076,1909f56bfc062723c751e8b465ee728b)
Start importing Assets/Script/GameBoard.cs using Guid(94fed77bbd1503745983f6e2a83ff473) Importer(815301076,1909f56bfc062723c751e8b465ee728b)  -> (artifact id: '00000000000000000000000000000000') in 0.000247 seconds
  ERROR: Build asset version error: assets/script/gameboard.cs in SourceAssetDB has modification time of '2022-01-31T01:03:13.8792178Z' while content on disk has modification time of '2022-01-31T01:03:14.0637237Z'
  Import took 0.001536 seconds .

========================================================================
Received Import Request.
  Time since last request: 0.019277 seconds.
  path: Assets/Script/GameBoard.cs
  artifactKey: Guid(94fed77bbd1503745983f6e2a83ff473) Importer(815301076,1909f56bfc062723c751e8b465ee728b)
Start importing Assets/Script/GameBoard.cs using Guid(94fed77bbd1503745983f6e2a83ff473) Importer(815301076,1909f56bfc062723c751e8b465ee728b)  -> (artifact id: '00000000000000000000000000000000') in 0.000303 seconds
  ERROR: Build asset version error: assets/script/gameboard.cs in SourceAssetDB has modification time of '2022-01-31T01:03:13.8792178Z' while content on disk has modification time of '2022-01-31T01:03:14.0637237Z'
  Import took 0.001602 seconds .

========================================================================
Received Import Request.
  Time since last request: 0.019384 seconds.
  path: Assets/Script/GameBoard.cs
  artifactKey: Guid(94fed77bbd1503745983f6e2a83ff473) Importer(815301076,1909f56bfc062723c751e8b465ee728b)
Start importing Assets/Script/GameBoard.cs using Guid(94fed77bbd1503745983f6e2a83ff473) Importer(815301076,1909f56bfc062723c751e8b465ee728b)  -> (artifact id: '00000000000000000000000000000000') in 0.000222 seconds
  ERROR: Build asset version error: assets/script/gameboard.cs in SourceAssetDB has modification time of '2022-01-31T01:03:13.8792178Z' while content on disk has modification time of '2022-01-31T01:03:14.0637237Z'
  Import took 0.001471 seconds .

========================================================================
Received Import Request.
  Time since last request: 0.021812 seconds.
  path: Assets/Script/GameBoard.cs
  artifactKey: Guid(94fed77bbd1503745983f6e2a83ff473) Importer(815301076,1909f56bfc062723c751e8b465ee728b)
Start importing Assets/Script/GameBoard.cs using Guid(94fed77bbd1503745983f6e2a83ff473) Importer(815301076,1909f56bfc062723c751e8b465ee728b)  -> (artifact id: '00000000000000000000000000000000') in 0.000241 seconds
  ERROR: Build asset version error: assets/script/gameboard.cs in SourceAssetDB has modification time of '2022-01-31T01:03:13.8792178Z' while content on disk has modification time of '2022-01-31T01:03:14.0637237Z'
  Import took 0.001592 seconds .

========================================================================
Received Import Request.
  Time since last request: 0.020424 seconds.
  path: Assets/Script/GameBoard.cs
  artifactKey: Guid(94fed77bbd1503745983f6e2a83ff473) Importer(815301076,1909f56bfc062723c751e8b465ee728b)
Start importing Assets/Script/GameBoard.cs using Guid(94fed77bbd1503745983f6e2a83ff473) Importer(815301076,1909f56bfc062723c751e8b465ee728b)  -> (artifact id: '00000000000000000000000000000000') in 0.000236 seconds
  ERROR: Build asset version error: assets/script/gameboard.cs in SourceAssetDB has modification time of '2022-01-31T01:03:13.8792178Z' while content on disk has modification time of '2022-01-31T01:03:14.0637237Z'
  Import took 0.001588 seconds .

========================================================================
Received Import Request.
  Time since last request: 0.019587 seconds.
  path: Assets/Script/GameBoard.cs
  artifactKey: Guid(94fed77bbd1503745983f6e2a83ff473) Importer(815301076,1909f56bfc062723c751e8b465ee728b)
Start importing Assets/Script/GameBoard.cs using Guid(94fed77bbd1503745983f6e2a83ff473) Importer(815301076,1909f56bfc062723c751e8b465ee728b)  -> (artifact id: '00000000000000000000000000000000') in 0.000293 seconds
  ERROR: Build asset version error: assets/script/gameboard.cs in SourceAssetDB has modification time of '2022-01-31T01:03:13.8792178Z' while content on disk has modification time of '2022-01-31T01:03:14.0637237Z'
  Import took 0.001614 seconds .

========================================================================
Received Import Request.
  Time since last request: 0.021587 seconds.
  path: Assets/Script/GameBoard.cs
  artifactKey: Guid(94fed77bbd1503745983f6e2a83ff473) Importer(815301076,1909f56bfc062723c751e8b465ee728b)
Start importing Assets/Script/GameBoard.cs using Guid(94fed77bbd1503745983f6e2a83ff473) Importer(815301076,1909f56bfc062723c751e8b465ee728b)  -> (artifact id: '00000000000000000000000000000000') in 0.000246 seconds
  ERROR: Build asset version error: assets/script/gameboard.cs in SourceAssetDB has modification time of '2022-01-31T01:03:13.8792178Z' while content on disk has modification time of '2022-01-31T01:03:14.0637237Z'
  Import took 0.001647 seconds .

========================================================================
Received Import Request.
  Time since last request: 0.019059 seconds.
  path: Assets/Script/GameBoard.cs
  artifactKey: Guid(94fed77bbd1503745983f6e2a83ff473) Importer(815301076,1909f56bfc062723c751e8b465ee728b)
Start importing Assets/Script/GameBoard.cs using Guid(94fed77bbd1503745983f6e2a83ff473) Importer(815301076,1909f56bfc062723c751e8b465ee728b)  -> (artifact id: '00000000000000000000000000000000') in 0.000275 seconds
  ERROR: Build asset version error: assets/script/gameboard.cs in SourceAssetDB has modification time of '2022-01-31T01:03:13.8792178Z' while content on disk has modification time of '2022-01-31T01:03:14.0637237Z'
  Import took 0.001598 seconds .

========================================================================
Received Import Request.
  Time since last request: 0.019279 seconds.
  path: Assets/Script/GameBoard.cs
  artifactKey: Guid(94fed77bbd1503745983f6e2a83ff473) Importer(815301076,1909f56bfc062723c751e8b465ee728b)
Start importing Assets/Script/GameBoard.cs using Guid(94fed77bbd1503745983f6e2a83ff473) Importer(815301076,1909f56bfc062723c751e8b465ee728b)  -> (artifact id: '00000000000000000000000000000000') in 0.000269 seconds
  ERROR: Build asset version error: assets/script/gameboard.cs in SourceAssetDB has modification time of '2022-01-31T01:03:13.8792178Z' while content on disk has modification time of '2022-01-31T01:03:14.0637237Z'
  Import took 0.001667 seconds .

========================================================================
Received Import Request.
  Time since last request: 0.022055 seconds.
  path: Assets/Script/GameBoard.cs
  artifactKey: Guid(94fed77bbd1503745983f6e2a83ff473) Importer(815301076,1909f56bfc062723c751e8b465ee728b)
Start importing Assets/Script/GameBoard.cs using Guid(94fed77bbd1503745983f6e2a83ff473) Importer(815301076,1909f56bfc062723c751e8b465ee728b)  -> (artifact id: '00000000000000000000000000000000') in 0.000365 seconds
  ERROR: Build asset version error: assets/script/gameboard.cs in SourceAssetDB has modification time of '2022-01-31T01:03:13.8792178Z' while content on disk has modification time of '2022-01-31T01:03:14.0637237Z'
  Import took 0.001724 seconds .

========================================================================
Received Import Request.
  Time since last request: 0.020513 seconds.
  path: Assets/Script/GameBoard.cs
  artifactKey: Guid(94fed77bbd1503745983f6e2a83ff473) Importer(815301076,1909f56bfc062723c751e8b465ee728b)
Start importing Assets/Script/GameBoard.cs using Guid(94fed77bbd1503745983f6e2a83ff473) Importer(815301076,1909f56bfc062723c751e8b465ee728b)  -> (artifact id: '00000000000000000000000000000000') in 0.000276 seconds
  ERROR: Build asset version error: assets/script/gameboard.cs in SourceAssetDB has modification time of '2022-01-31T01:03:13.8792178Z' while content on disk has modification time of '2022-01-31T01:03:14.0637237Z'
  Import took 0.001620 seconds .

========================================================================
Received Import Request.
  Time since last request: 0.019861 seconds.
  path: Assets/Script/GameBoard.cs
  artifactKey: Guid(94fed77bbd1503745983f6e2a83ff473) Importer(815301076,1909f56bfc062723c751e8b465ee728b)
Start importing Assets/Script/GameBoard.cs using Guid(94fed77bbd1503745983f6e2a83ff473) Importer(815301076,1909f56bfc062723c751e8b465ee728b)  -> (artifact id: '00000000000000000000000000000000') in 0.000278 seconds
  ERROR: Build asset version error: assets/script/gameboard.cs in SourceAssetDB has modification time of '2022-01-31T01:03:13.8792178Z' while content on disk has modification time of '2022-01-31T01:03:14.0637237Z'
  Import took 0.001643 seconds .

========================================================================
Received Import Request.
  Time since last request: 0.022376 seconds.
  path: Assets/Script/GameBoard.cs
  artifactKey: Guid(94fed77bbd1503745983f6e2a83ff473) Importer(815301076,1909f56bfc062723c751e8b465ee728b)
Start importing Assets/Script/GameBoard.cs using Guid(94fed77bbd1503745983f6e2a83ff473) Importer(815301076,1909f56bfc062723c751e8b465ee728b)  -> (artifact id: '00000000000000000000000000000000') in 0.000260 seconds
  ERROR: Build asset version error: assets/script/gameboard.cs in SourceAssetDB has modification time of '2022-01-31T01:03:13.8792178Z' while content on disk has modification time of '2022-01-31T01:03:14.0637237Z'
  Import took 0.001785 seconds .

========================================================================
Received Import Request.
  Time since last request: 0.020846 seconds.
  path: Assets/Script/GameBoard.cs
  artifactKey: Guid(94fed77bbd1503745983f6e2a83ff473) Importer(815301076,1909f56bfc062723c751e8b465ee728b)
Start importing Assets/Script/GameBoard.cs using Guid(94fed77bbd1503745983f6e2a83ff473) Importer(815301076,1909f56bfc062723c751e8b465ee728b)  -> (artifact id: '00000000000000000000000000000000') in 0.000276 seconds
  ERROR: Build asset version error: assets/script/gameboard.cs in SourceAssetDB has modification time of '2022-01-31T01:03:13.8792178Z' while content on disk has modification time of '2022-01-31T01:03:14.0637237Z'
  Import took 0.001658 seconds .

========================================================================
Received Import Request.
  Time since last request: 0.020341 seconds.
  path: Assets/Script/GameBoard.cs
  artifactKey: Guid(94fed77bbd1503745983f6e2a83ff473) Importer(815301076,1909f56bfc062723c751e8b465ee728b)
Start importing Assets/Script/GameBoard.cs using Guid(94fed77bbd1503745983f6e2a83ff473) Importer(815301076,1909f56bfc062723c751e8b465ee728b)  -> (artifact id: '00000000000000000000000000000000') in 0.000259 seconds
  ERROR: Build asset version error: assets/script/gameboard.cs in SourceAssetDB has modification time of '2022-01-31T01:03:13.8792178Z' while content on disk has modification time of '2022-01-31T01:03:14.0637237Z'
  Import took 0.001853 seconds .

========================================================================
Received Import Request.
  Time since last request: 0.023270 seconds.
  path: Assets/Script/GameBoard.cs
  artifactKey: Guid(94fed77bbd1503745983f6e2a83ff473) Importer(815301076,1909f56bfc062723c751e8b465ee728b)
Start importing Assets/Script/GameBoard.cs using Guid(94fed77bbd1503745983f6e2a83ff473) Importer(815301076,1909f56bfc062723c751e8b465ee728b)  -> (artifact id: '00000000000000000000000000000000') in 0.000259 seconds
  ERROR: Build asset version error: assets/script/gameboard.cs in SourceAssetDB has modification time of '2022-01-31T01:03:13.8792178Z' while content on disk has modification time of '2022-01-31T01:03:14.0637237Z'
  Import took 0.001793 seconds .

========================================================================
Received Import Request.
  Time since last request: 0.021703 seconds.
  path: Assets/Script/GameBoard.cs
  artifactKey: Guid(94fed77bbd1503745983f6e2a83ff473) Importer(815301076,1909f56bfc062723c751e8b465ee728b)
Start importing Assets/Script/GameBoard.cs using Guid(94fed77bbd1503745983f6e2a83ff473) Importer(815301076,1909f56bfc062723c751e8b465ee728b)  -> (artifact id: '00000000000000000000000000000000') in 0.000265 seconds
  ERROR: Build asset version error: assets/script/gameboard.cs in SourceAssetDB has modification time of '2022-01-31T01:03:13.8792178Z' while content on disk has modification time of '2022-01-31T01:03:14.0637237Z'
  Import took 0.001637 seconds .

========================================================================
Received Import Request.
  Time since last request: 0.020212 seconds.
  path: Assets/Script/GameBoard.cs
  artifactKey: Guid(94fed77bbd1503745983f6e2a83ff473) Importer(815301076,1909f56bfc062723c751e8b465ee728b)
Start importing Assets/Script/GameBoard.cs using Guid(94fed77bbd1503745983f6e2a83ff473) Importer(815301076,1909f56bfc062723c751e8b465ee728b)  -> (artifact id: '00000000000000000000000000000000') in 0.000258 seconds
  ERROR: Build asset version error: assets/script/gameboard.cs in SourceAssetDB has modification time of '2022-01-31T01:03:13.8792178Z' while content on disk has modification time of '2022-01-31T01:03:14.0637237Z'
  Import took 0.001791 seconds .

========================================================================
Received Import Request.
  Time since last request: 0.019962 seconds.
  path: Assets/Script/GameBoard.cs
  artifactKey: Guid(94fed77bbd1503745983f6e2a83ff473) Importer(815301076,1909f56bfc062723c751e8b465ee728b)
Start importing Assets/Script/GameBoard.cs using Guid(94fed77bbd1503745983f6e2a83ff473) Importer(815301076,1909f56bfc062723c751e8b465ee728b)  -> (artifact id: '00000000000000000000000000000000') in 0.000395 seconds
  ERROR: Build asset version error: assets/script/gameboard.cs in SourceAssetDB has modification time of '2022-01-31T01:03:13.8792178Z' while content on disk has modification time of '2022-01-31T01:03:14.0637237Z'
  Import took 0.001930 seconds .

========================================================================
Received Import Request.
  Time since last request: 0.022124 seconds.
  path: Assets/Script/GameBoard.cs
  artifactKey: Guid(94fed77bbd1503745983f6e2a83ff473) Importer(815301076,1909f56bfc062723c751e8b465ee728b)
Start importing Assets/Script/GameBoard.cs using Guid(94fed77bbd1503745983f6e2a83ff473) Importer(815301076,1909f56bfc062723c751e8b465ee728b)  -> (artifact id: '00000000000000000000000000000000') in 0.000248 seconds
  ERROR: Build asset version error: assets/script/gameboard.cs in SourceAssetDB has modification time of '2022-01-31T01:03:13.8792178Z' while content on disk has modification time of '2022-01-31T01:03:14.0637237Z'
  Import took 0.001796 seconds .

========================================================================
Received Import Request.
  Time since last request: 0.020183 seconds.
  path: Assets/Script/GameBoard.cs
  artifactKey: Guid(94fed77bbd1503745983f6e2a83ff473) Importer(815301076,1909f56bfc062723c751e8b465ee728b)
Start importing Assets/Script/GameBoard.cs using Guid(94fed77bbd1503745983f6e2a83ff473) Importer(815301076,1909f56bfc062723c751e8b465ee728b)  -> (artifact id: '00000000000000000000000000000000') in 0.000266 seconds
  ERROR: Build asset version error: assets/script/gameboard.cs in SourceAssetDB has modification time of '2022-01-31T01:03:13.8792178Z' while content on disk has modification time of '2022-01-31T01:03:14.0637237Z'
  Import took 0.001628 seconds .

========================================================================
Received Import Request.
  Time since last request: 0.021782 seconds.
  path: Assets/Script/GameBoard.cs
  artifactKey: Guid(94fed77bbd1503745983f6e2a83ff473) Importer(815301076,1909f56bfc062723c751e8b465ee728b)
Start importing Assets/Script/GameBoard.cs using Guid(94fed77bbd1503745983f6e2a83ff473) Importer(815301076,1909f56bfc062723c751e8b465ee728b)  -> (artifact id: '00000000000000000000000000000000') in 0.000314 seconds
  ERROR: Build asset version error: assets/script/gameboard.cs in SourceAssetDB has modification time of '2022-01-31T01:03:13.8792178Z' while content on disk has modification time of '2022-01-31T01:03:14.0637237Z'
  Import took 0.001758 seconds .

========================================================================
Received Import Request.
  Time since last request: 0.019825 seconds.
  path: Assets/Script/GameBoard.cs
  artifactKey: Guid(94fed77bbd1503745983f6e2a83ff473) Importer(815301076,1909f56bfc062723c751e8b465ee728b)
Start importing Assets/Script/GameBoard.cs using Guid(94fed77bbd1503745983f6e2a83ff473) Importer(815301076,1909f56bfc062723c751e8b465ee728b)  -> (artifact id: '00000000000000000000000000000000') in 0.000278 seconds
  ERROR: Build asset version error: assets/script/gameboard.cs in SourceAssetDB has modification time of '2022-01-31T01:03:13.8792178Z' while content on disk has modification time of '2022-01-31T01:03:14.0637237Z'
  Import took 0.001772 seconds .

========================================================================
Received Import Request.
  Time since last request: 0.021298 seconds.
  path: Assets/Script/GameBoard.cs
  artifactKey: Guid(94fed77bbd1503745983f6e2a83ff473) Importer(815301076,1909f56bfc062723c751e8b465ee728b)
Start importing Assets/Script/GameBoard.cs using Guid(94fed77bbd1503745983f6e2a83ff473) Importer(815301076,1909f56bfc062723c751e8b465ee728b)  -> (artifact id: '00000000000000000000000000000000') in 0.000270 seconds
  ERROR: Build asset version error: assets/script/gameboard.cs in SourceAssetDB has modification time of '2022-01-31T01:03:13.8792178Z' while content on disk has modification time of '2022-01-31T01:03:14.0637237Z'
  Import took 0.001843 seconds .

========================================================================
Received Import Request.
  Time since last request: 0.023197 seconds.
  path: Assets/Script/GameBoard.cs
  artifactKey: Guid(94fed77bbd1503745983f6e2a83ff473) Importer(815301076,1909f56bfc062723c751e8b465ee728b)
Start importing Assets/Script/GameBoard.cs using Guid(94fed77bbd1503745983f6e2a83ff473) Importer(815301076,1909f56bfc062723c751e8b465ee728b)  -> (artifact id: '00000000000000000000000000000000') in 0.000295 seconds
  ERROR: Build asset version error: assets/script/gameboard.cs in SourceAssetDB has modification time of '2022-01-31T01:03:13.8792178Z' while content on disk has modification time of '2022-01-31T01:03:14.0637237Z'
  Import took 0.002245 seconds .

========================================================================
Received Import Request.
  Time since last request: 0.019855 seconds.
  path: Assets/Script/GameBoard.cs
  artifactKey: Guid(94fed77bbd1503745983f6e2a83ff473) Importer(815301076,1909f56bfc062723c751e8b465ee728b)
Start importing Assets/Script/GameBoard.cs using Guid(94fed77bbd1503745983f6e2a83ff473) Importer(815301076,1909f56bfc062723c751e8b465ee728b)  -> (artifact id: '00000000000000000000000000000000') in 0.000258 seconds
  ERROR: Build asset version error: assets/script/gameboard.cs in SourceAssetDB has modification time of '2022-01-31T01:03:13.8792178Z' while content on disk has modification time of '2022-01-31T01:03:14.0637237Z'
  Import took 0.001687 seconds .

========================================================================
Received Import Request.
  Time since last request: 0.019492 seconds.
  path: Assets/Script/GameBoard.cs
  artifactKey: Guid(94fed77bbd1503745983f6e2a83ff473) Importer(815301076,1909f56bfc062723c751e8b465ee728b)
Start importing Assets/Script/GameBoard.cs using Guid(94fed77bbd1503745983f6e2a83ff473) Importer(815301076,1909f56bfc062723c751e8b465ee728b)  -> (artifact id: '00000000000000000000000000000000') in 0.000243 seconds
  ERROR: Build asset version error: assets/script/gameboard.cs in SourceAssetDB has modification time of '2022-01-31T01:03:13.8792178Z' while content on disk has modification time of '2022-01-31T01:03:14.0637237Z'
  Import took 0.001643 seconds .

========================================================================
Received Import Request.
  Time since last request: 0.021614 seconds.
  path: Assets/Script/GameBoard.cs
  artifactKey: Guid(94fed77bbd1503745983f6e2a83ff473) Importer(815301076,1909f56bfc062723c751e8b465ee728b)
Start importing Assets/Script/GameBoard.cs using Guid(94fed77bbd1503745983f6e2a83ff473) Importer(815301076,1909f56bfc062723c751e8b465ee728b)  -> (artifact id: '00000000000000000000000000000000') in 0.000248 seconds
  ERROR: Build asset version error: assets/script/gameboard.cs in SourceAssetDB has modification time of '2022-01-31T01:03:13.8792178Z' while content on disk has modification time of '2022-01-31T01:03:14.0637237Z'
  Import took 0.001634 seconds .

========================================================================
Received Import Request.
  Time since last request: 0.019927 seconds.
  path: Assets/Script/GameBoard.cs
  artifactKey: Guid(94fed77bbd1503745983f6e2a83ff473) Importer(815301076,1909f56bfc062723c751e8b465ee728b)
Start importing Assets/Script/GameBoard.cs using Guid(94fed77bbd1503745983f6e2a83ff473) Importer(815301076,1909f56bfc062723c751e8b465ee728b)  -> (artifact id: '00000000000000000000000000000000') in 0.000288 seconds
  ERROR: Build asset version error: assets/script/gameboard.cs in SourceAssetDB has modification time of '2022-01-31T01:03:13.8792178Z' while content on disk has modification time of '2022-01-31T01:03:14.0637237Z'
  Import took 0.001728 seconds .

========================================================================
Received Import Request.
  Time since last request: 0.021661 seconds.
  path: Assets/Script/GameBoard.cs
  artifactKey: Guid(94fed77bbd1503745983f6e2a83ff473) Importer(815301076,1909f56bfc062723c751e8b465ee728b)
Start importing Assets/Script/GameBoard.cs using Guid(94fed77bbd1503745983f6e2a83ff473) Importer(815301076,1909f56bfc062723c751e8b465ee728b)  -> (artifact id: '00000000000000000000000000000000') in 0.000255 seconds
  ERROR: Build asset version error: assets/script/gameboard.cs in SourceAssetDB has modification time of '2022-01-31T01:03:13.8792178Z' while content on disk has modification time of '2022-01-31T01:03:14.0637237Z'
  Import took 0.001586 seconds .

========================================================================
Received Import Request.
  Time since last request: 0.019634 seconds.
  path: Assets/Script/GameBoard.cs
  artifactKey: Guid(94fed77bbd1503745983f6e2a83ff473) Importer(815301076,1909f56bfc062723c751e8b465ee728b)
Start importing Assets/Script/GameBoard.cs using Guid(94fed77bbd1503745983f6e2a83ff473) Importer(815301076,1909f56bfc062723c751e8b465ee728b)  -> (artifact id: '00000000000000000000000000000000') in 0.000293 seconds
  ERROR: Build asset version error: assets/script/gameboard.cs in SourceAssetDB has modification time of '2022-01-31T01:03:13.8792178Z' while content on disk has modification time of '2022-01-31T01:03:14.0637237Z'
  Import took 0.001764 seconds .

========================================================================
Received Import Request.
  Time since last request: 0.021070 seconds.
  path: Assets/Script/GameBoard.cs
  artifactKey: Guid(94fed77bbd1503745983f6e2a83ff473) Importer(815301076,1909f56bfc062723c751e8b465ee728b)
Start importing Assets/Script/GameBoard.cs using Guid(94fed77bbd1503745983f6e2a83ff473) Importer(815301076,1909f56bfc062723c751e8b465ee728b)  -> (artifact id: '00000000000000000000000000000000') in 0.000275 seconds
  ERROR: Build asset version error: assets/script/gameboard.cs in SourceAssetDB has modification time of '2022-01-31T01:03:13.8792178Z' while content on disk has modification time of '2022-01-31T01:03:14.0637237Z'
  Import took 0.001660 seconds .

========================================================================
Received Import Request.
  Time since last request: 0.021104 seconds.
  path: Assets/Script/GameBoard.cs
  artifactKey: Guid(94fed77bbd1503745983f6e2a83ff473) Importer(815301076,1909f56bfc062723c751e8b465ee728b)
Start importing Assets/Script/GameBoard.cs using Guid(94fed77bbd1503745983f6e2a83ff473) Importer(815301076,1909f56bfc062723c751e8b465ee728b)  -> (artifact id: '00000000000000000000000000000000') in 0.000258 seconds
  ERROR: Build asset version error: assets/script/gameboard.cs in SourceAssetDB has modification time of '2022-01-31T01:03:13.8792178Z' while content on disk has modification time of '2022-01-31T01:03:14.0637237Z'
  Import took 0.001563 seconds .

========================================================================
Received Import Request.
  Time since last request: 0.019673 seconds.
  path: Assets/Script/GameBoard.cs
  artifactKey: Guid(94fed77bbd1503745983f6e2a83ff473) Importer(815301076,1909f56bfc062723c751e8b465ee728b)
Start importing Assets/Script/GameBoard.cs using Guid(94fed77bbd1503745983f6e2a83ff473) Importer(815301076,1909f56bfc062723c751e8b465ee728b)  -> (artifact id: '00000000000000000000000000000000') in 0.000252 seconds
  ERROR: Build asset version error: assets/script/gameboard.cs in SourceAssetDB has modification time of '2022-01-31T01:03:13.8792178Z' while content on disk has modification time of '2022-01-31T01:03:14.0637237Z'
  Import took 0.001678 seconds .

========================================================================
Received Import Request.
  Time since last request: 0.019042 seconds.
  path: Assets/Script/GameBoard.cs
  artifactKey: Guid(94fed77bbd1503745983f6e2a83ff473) Importer(815301076,1909f56bfc062723c751e8b465ee728b)
Start importing Assets/Script/GameBoard.cs using Guid(94fed77bbd1503745983f6e2a83ff473) Importer(815301076,1909f56bfc062723c751e8b465ee728b)  -> (artifact id: '00000000000000000000000000000000') in 0.000267 seconds
  ERROR: Build asset version error: assets/script/gameboard.cs in SourceAssetDB has modification time of '2022-01-31T01:03:13.8792178Z' while content on disk has modification time of '2022-01-31T01:03:14.0637237Z'
  Import took 0.001850 seconds .

========================================================================
Received Import Request.
  Time since last request: 0.022381 seconds.
  path: Assets/Script/GameBoard.cs
  artifactKey: Guid(94fed77bbd1503745983f6e2a83ff473) Importer(815301076,1909f56bfc062723c751e8b465ee728b)
Start importing Assets/Script/GameBoard.cs using Guid(94fed77bbd1503745983f6e2a83ff473) Importer(815301076,1909f56bfc062723c751e8b465ee728b)  -> (artifact id: '00000000000000000000000000000000') in 0.000259 seconds
  ERROR: Build asset version error: assets/script/gameboard.cs in SourceAssetDB has modification time of '2022-01-31T01:03:13.8792178Z' while content on disk has modification time of '2022-01-31T01:03:14.0637237Z'
  Import took 0.001576 seconds .

========================================================================
Received Import Request.
  Time since last request: 0.019457 seconds.
  path: Assets/Script/GameBoard.cs
  artifactKey: Guid(94fed77bbd1503745983f6e2a83ff473) Importer(815301076,1909f56bfc062723c751e8b465ee728b)
Start importing Assets/Script/GameBoard.cs using Guid(94fed77bbd1503745983f6e2a83ff473) Importer(815301076,1909f56bfc062723c751e8b465ee728b)  -> (artifact id: '00000000000000000000000000000000') in 0.000223 seconds
  ERROR: Build asset version error: assets/script/gameboard.cs in SourceAssetDB has modification time of '2022-01-31T01:03:13.8792178Z' while content on disk has modification time of '2022-01-31T01:03:14.0637237Z'
  Import took 0.001742 seconds .

========================================================================
Received Import Request.
  Time since last request: 0.019844 seconds.
  path: Assets/Script/GameBoard.cs
  artifactKey: Guid(94fed77bbd1503745983f6e2a83ff473) Importer(815301076,1909f56bfc062723c751e8b465ee728b)
Start importing Assets/Script/GameBoard.cs using Guid(94fed77bbd1503745983f6e2a83ff473) Importer(815301076,1909f56bfc062723c751e8b465ee728b)  -> (artifact id: '00000000000000000000000000000000') in 0.000330 seconds
  ERROR: Build asset version error: assets/script/gameboard.cs in SourceAssetDB has modification time of '2022-01-31T01:03:13.8792178Z' while content on disk has modification time of '2022-01-31T01:03:14.0637237Z'
  Import took 0.002043 seconds .

========================================================================
Received Import Request.
  Time since last request: 0.021466 seconds.
  path: Assets/Script/GameBoard.cs
  artifactKey: Guid(94fed77bbd1503745983f6e2a83ff473) Importer(815301076,1909f56bfc062723c751e8b465ee728b)
Start importing Assets/Script/GameBoard.cs using Guid(94fed77bbd1503745983f6e2a83ff473) Importer(815301076,1909f56bfc062723c751e8b465ee728b)  -> (artifact id: '00000000000000000000000000000000') in 0.000299 seconds
  ERROR: Build asset version error: assets/script/gameboard.cs in SourceAssetDB has modification time of '2022-01-31T01:03:13.8792178Z' while content on disk has modification time of '2022-01-31T01:03:14.0637237Z'
  Import took 0.001758 seconds .

========================================================================
Received Import Request.
  Time since last request: 0.019172 seconds.
  path: Assets/Script/GameBoard.cs
  artifactKey: Guid(94fed77bbd1503745983f6e2a83ff473) Importer(815301076,1909f56bfc062723c751e8b465ee728b)
Start importing Assets/Script/GameBoard.cs using Guid(94fed77bbd1503745983f6e2a83ff473) Importer(815301076,1909f56bfc062723c751e8b465ee728b)  -> (artifact id: '00000000000000000000000000000000') in 0.000293 seconds
  ERROR: Build asset version error: assets/script/gameboard.cs in SourceAssetDB has modification time of '2022-01-31T01:03:13.8792178Z' while content on disk has modification time of '2022-01-31T01:03:14.0637237Z'
  Import took 0.002016 seconds .

========================================================================
Received Import Request.
  Time since last request: 0.018844 seconds.
  path: Assets/Script/GameBoard.cs
  artifactKey: Guid(94fed77bbd1503745983f6e2a83ff473) Importer(815301076,1909f56bfc062723c751e8b465ee728b)
Start importing Assets/Script/GameBoard.cs using Guid(94fed77bbd1503745983f6e2a83ff473) Importer(815301076,1909f56bfc062723c751e8b465ee728b)  -> (artifact id: '00000000000000000000000000000000') in 0.000235 seconds
  ERROR: Build asset version error: assets/script/gameboard.cs in SourceAssetDB has modification time of '2022-01-31T01:03:13.8792178Z' while content on disk has modification time of '2022-01-31T01:03:14.0637237Z'
  Import took 0.001597 seconds .

========================================================================
Received Import Request.
  Time since last request: 0.021238 seconds.
  path: Assets/Script/GameBoard.cs
  artifactKey: Guid(94fed77bbd1503745983f6e2a83ff473) Importer(815301076,1909f56bfc062723c751e8b465ee728b)
Start importing Assets/Script/GameBoard.cs using Guid(94fed77bbd1503745983f6e2a83ff473) Importer(815301076,1909f56bfc062723c751e8b465ee728b)  -> (artifact id: '00000000000000000000000000000000') in 0.000264 seconds
  ERROR: Build asset version error: assets/script/gameboard.cs in SourceAssetDB has modification time of '2022-01-31T01:03:13.8792178Z' while content on disk has modification time of '2022-01-31T01:03:14.0637237Z'
  Import took 0.001579 seconds .

========================================================================
Received Import Request.
  Time since last request: 0.019573 seconds.
  path: Assets/Script/GameBoard.cs
  artifactKey: Guid(94fed77bbd1503745983f6e2a83ff473) Importer(815301076,1909f56bfc062723c751e8b465ee728b)
Start importing Assets/Script/GameBoard.cs using Guid(94fed77bbd1503745983f6e2a83ff473) Importer(815301076,1909f56bfc062723c751e8b465ee728b)  -> (artifact id: '00000000000000000000000000000000') in 0.000246 seconds
  ERROR: Build asset version error: assets/script/gameboard.cs in SourceAssetDB has modification time of '2022-01-31T01:03:13.8792178Z' while content on disk has modification time of '2022-01-31T01:03:14.0637237Z'
  Import took 0.001543 seconds .

========================================================================
Received Import Request.
  Time since last request: 0.056466 seconds.
  path: Assets/Script/GameBoard.cs
  artifactKey: Guid(94fed77bbd1503745983f6e2a83ff473) Importer(815301076,1909f56bfc062723c751e8b465ee728b)
Start importing Assets/Script/GameBoard.cs using Guid(94fed77bbd1503745983f6e2a83ff473) Importer(815301076,1909f56bfc062723c751e8b465ee728b)  -> (artifact id: 'd2559753869e77f5fad077de5bd8bd15') in 0.004816 seconds
  Import took 0.006689 seconds .

========================================================================
Received Prepare
Registering precompiled user dll's ...
Registered in 0.000622 seconds.
Begin MonoManager ReloadAssembly
Native extension for WindowsStandalone target not found
Native extension for WebGL target not found
Refreshing native plugins compatible for Editor in 0.18 ms, found 0 plugins.
Preloading 0 native plugins for Editor in 0.00 ms.
Mono: successfully reloaded assembly
- Completed reload, in  0.667 seconds
Platform modules already initialized, skipping
Refreshing native plugins compatible for Editor in 0.18 ms, found 0 plugins.
Preloading 0 native plugins for Editor in 0.00 ms.
Unloading 1116 Unused Serialized files (Serialized files now loaded: 0)
System memory in use before: 57.1 MB.
System memory in use after: 57.2 MB.

Unloading 4 unused Assets to reduce memory usage. Loaded Objects now: 1578.
Total: 1.309100 ms (FindLiveObjects: 0.121100 ms CreateObjectMapping: 0.034900 ms MarkObjects: 1.119200 ms  DeleteObjects: 0.033200 ms)

========================================================================
Received Prepare
Registering precompiled user dll's ...
Registered in 0.000590 seconds.
Begin MonoManager ReloadAssembly
Native extension for WindowsStandalone target not found
Native extension for WebGL target not found
Refreshing native plugins compatible for Editor in 0.18 ms, found 0 plugins.
Preloading 0 native plugins for Editor in 0.00 ms.
Mono: successfully reloaded assembly
- Completed reload, in  0.664 seconds
Platform modules already initialized, skipping
Refreshing native plugins compatible for Editor in 0.19 ms, found 0 plugins.
Preloading 0 native plugins for Editor in 0.00 ms.
Unloading 1116 Unused Serialized files (Serialized files now loaded: 0)
System memory in use before: 57.1 MB.
System memory in use after: 57.2 MB.

Unloading 4 unused Assets to reduce memory usage. Loaded Objects now: 1580.
Total: 1.259600 ms (FindLiveObjects: 0.120700 ms CreateObjectMapping: 0.030900 ms MarkObjects: 1.096100 ms  DeleteObjects: 0.010400 ms)

AssetImportWorkerClient::OnTransportError - code=2 error=End of file
